This is pdfTeX, Version 3.14159265-2.6-1.40.16 (MiKTeX 2.9) (preloaded format=pdflatex 2015.9.11)  13 DEC 2015 15:24
entering extended mode
**C:/Users/Elaheh/Downloads/csci5271/final/sections/related.tex
(C:/Users/Elaheh/Downloads/csci5271/final/sections/related.tex
LaTeX2e <2015/01/01> patch level 2
Babel <3.9m> and hyphenation patterns for 69 languages loaded.

! LaTeX Error: Missing \begin{document}.

See the LaTeX manual or LaTeX Companion for explanation.
Type  H <return>  for immediate help.
 ...                                              
                                                  
l.4 T
     here are a decent number of works on bypassing anonymizing systems, esp...

? 
! Emergency stop.
 ...                                              
                                                  
l.4 T
     here are a decent number of works on bypassing anonymizing systems, esp...

You're in trouble here.  Try typing  <return>  to proceed.
If that doesn't work, type  X <return>  to quit.

 
Here is how much of TeX's memory you used:
 8 strings out of 493673
 370 string characters out of 3141527
 52455 words of memory out of 3000000
 3454 multiletter control sequences out of 15000+200000
 3640 words of font info for 14 fonts, out of 3000000 for 9000
 1025 hyphenation exceptions out of 8191
 5i,0n,4p,193b,14s stack positions out of 5000i,500n,10000p,200000b,50000s
!  ==> Fatal error occurred, no output PDF file produced!
