>> exp3_2

confusion_mat =

    44     0
     3    39

Accuracy for dynamic wired.com vs eonline.com = 0.964286

confusion_mat =

    44     0
     2    40

Accuracy for dynamic wired.com vs eonline.com = 0.976190

confusion_mat =

    44     0
     3    39

Accuracy for dynamic wired.com vs eonline.com = 0.964286

confusion_mat =

    43     1
     3    39

Accuracy for dynamic wired.com vs eonline.com = 0.952922

confusion_mat =

    44     0
     1    41

Accuracy for dynamic wired.com vs eonline.com = 0.988095

confusion_mat =

    44     0
     2    40

Accuracy for dynamic wired.com vs eonline.com = 0.976190

confusion_mat =

    44     0
     3    39

Accuracy for dynamic wired.com vs eonline.com = 0.964286

confusion_mat =

    43     1
     3    39

Accuracy for dynamic wired.com vs eonline.com = 0.952922

confusion_mat =

    44     0
     1    41

Accuracy for dynamic wired.com vs eonline.com = 0.988095

confusion_mat =

    44     0
     2    40

Accuracy for dynamic wired.com vs eonline.com = 0.976190

confusion_mat =

    43     1
     2    40

Accuracy for dynamic wired.com vs eonline.com = 0.964827

confusion_mat =

    44     0
     2    40

Accuracy for dynamic wired.com vs eonline.com = 0.976190

confusion_mat =

    40     4
     2    40

Accuracy for dynamic wired.com vs eonline.com = 0.930736

confusion_mat =

    44     0
     2    40

Accuracy for dynamic wired.com vs eonline.com = 0.976190

confusion_mat =

    44     0
     3    39

Accuracy for dynamic wired.com vs eonline.com = 0.964286

confusion_mat =

    43     1
     2    40

Accuracy for dynamic wired.com vs eonline.com = 0.964827

confusion_mat =

    44     0
     1    41

Accuracy for dynamic wired.com vs eonline.com = 0.988095

confusion_mat =

    43     1
     1    41

Accuracy for dynamic wired.com vs eonline.com = 0.976732

confusion_mat =

    41     3
     3    39

Accuracy for dynamic wired.com vs eonline.com = 0.930195

confusion_mat =

    41     3
     1    41

Accuracy for dynamic wired.com vs eonline.com = 0.954004
Average accuracy = 0.966477
>>


>> exp3_2

confusion_mat =

    43     1
     1    41

Accuracy for dynamic wired.com vs vippers.jp = 0.976732

confusion_mat =

    44     0
     0    42

Accuracy for dynamic wired.com vs vippers.jp = 1.000000

confusion_mat =

    44     0
     0    42

Accuracy for dynamic wired.com vs vippers.jp = 1.000000

confusion_mat =

    43     1
     0    42

Accuracy for dynamic wired.com vs vippers.jp = 0.988636

confusion_mat =

    44     0
     0    42

Accuracy for dynamic wired.com vs vippers.jp = 1.000000

confusion_mat =

    44     0
     0    42

Accuracy for dynamic wired.com vs vippers.jp = 1.000000

confusion_mat =

    44     0
     0    42

Accuracy for dynamic wired.com vs vippers.jp = 1.000000

confusion_mat =

    44     0
     0    42

Accuracy for dynamic wired.com vs vippers.jp = 1.000000

confusion_mat =

    44     0
     0    42

Accuracy for dynamic wired.com vs vippers.jp = 1.000000

confusion_mat =

    44     0
     0    42

Accuracy for dynamic wired.com vs vippers.jp = 1.000000

confusion_mat =

    44     0
     0    42

Accuracy for dynamic wired.com vs vippers.jp = 1.000000

confusion_mat =

    44     0
     0    42

Accuracy for dynamic wired.com vs vippers.jp = 1.000000

confusion_mat =

    43     1
     0    42

Accuracy for dynamic wired.com vs vippers.jp = 0.988636

confusion_mat =

    44     0
     0    42

Accuracy for dynamic wired.com vs vippers.jp = 1.000000

confusion_mat =

    44     0
     0    42

Accuracy for dynamic wired.com vs vippers.jp = 1.000000

confusion_mat =

    44     0
     0    42

Accuracy for dynamic wired.com vs vippers.jp = 1.000000

confusion_mat =

    44     0
     0    42

Accuracy for dynamic wired.com vs vippers.jp = 1.000000

confusion_mat =

    44     0
     0    42

Accuracy for dynamic wired.com vs vippers.jp = 1.000000

confusion_mat =

    43     1
     1    41

Accuracy for dynamic wired.com vs vippers.jp = 0.976732

confusion_mat =

    43     1
     0    42

Accuracy for dynamic wired.com vs vippers.jp = 0.988636
Average accuracy = 0.995969
>>  
