>> svm
Accuracy for tr=../dataset/pfon_matlab.data te=../dataset/pfon_matlab.data = 0.283333
Accuracy for tr=../dataset/pfon_matlab.data te=../dataset/pfon_matlab.data = 0.300000
Accuracy for tr=../dataset/pfon_matlab.data te=../dataset/pfon_matlab.data = 0.329167
Accuracy for tr=../dataset/pfon_matlab.data te=../dataset/pfon_matlab.data = 0.300000
Accuracy for tr=../dataset/pfon_matlab.data te=../dataset/pfon_matlab.data = 0.304167
Accuracy for tr=../dataset/pfon_matlab.data te=../dataset/pfon_matlab.data = 0.287500
Accuracy for tr=../dataset/pfon_matlab.data te=../dataset/pfon_matlab.data = 0.300000
Accuracy for tr=../dataset/pfon_matlab.data te=../dataset/pfon_matlab.data = 0.337500
Accuracy for tr=../dataset/pfon_matlab.data te=../dataset/pfon_matlab.data = 0.358333
Accuracy for tr=../dataset/pfon_matlab.data te=../dataset/pfon_matlab.data = 0.283333
Accuracy for tr=../dataset/pfon_matlab.data te=../dataset/pfon_matlab.data = 0.333333
Accuracy for tr=../dataset/pfon_matlab.data te=../dataset/pfon_matlab.data = 0.300000
Accuracy for tr=../dataset/pfon_matlab.data te=../dataset/pfon_matlab.data = 0.370833
Accuracy for tr=../dataset/pfon_matlab.data te=../dataset/pfon_matlab.data = 0.320833
Accuracy for tr=../dataset/pfon_matlab.data te=../dataset/pfon_matlab.data = 0.304167
Accuracy for tr=../dataset/pfon_matlab.data te=../dataset/pfon_matlab.data = 0.337500
Accuracy for tr=../dataset/pfon_matlab.data te=../dataset/pfon_matlab.data = 0.325000
Accuracy for tr=../dataset/pfon_matlab.data te=../dataset/pfon_matlab.data = 0.329167
Accuracy for tr=../dataset/pfon_matlab.data te=../dataset/pfon_matlab.data = 0.312500
Accuracy for tr=../dataset/pfon_matlab.data te=../dataset/pfon_matlab.data = 0.308333
Average accuracy = 0.316250
Accuracy for tr=../dataset/pfon_matlab.data te=../dataset/pfoff_matlab.data = 0.304167
Accuracy for tr=../dataset/pfon_matlab.data te=../dataset/pfoff_matlab.data = 0.345833
Accuracy for tr=../dataset/pfon_matlab.data te=../dataset/pfoff_matlab.data = 0.266667
Accuracy for tr=../dataset/pfon_matlab.data te=../dataset/pfoff_matlab.data = 0.316667
Accuracy for tr=../dataset/pfon_matlab.data te=../dataset/pfoff_matlab.data = 0.308333
Accuracy for tr=../dataset/pfon_matlab.data te=../dataset/pfoff_matlab.data = 0.287500
Accuracy for tr=../dataset/pfon_matlab.data te=../dataset/pfoff_matlab.data = 0.295833
Accuracy for tr=../dataset/pfon_matlab.data te=../dataset/pfoff_matlab.data = 0.316667
Accuracy for tr=../dataset/pfon_matlab.data te=../dataset/pfoff_matlab.data = 0.308333
Accuracy for tr=../dataset/pfon_matlab.data te=../dataset/pfoff_matlab.data = 0.312500
Accuracy for tr=../dataset/pfon_matlab.data te=../dataset/pfoff_matlab.data = 0.316667
Accuracy for tr=../dataset/pfon_matlab.data te=../dataset/pfoff_matlab.data = 0.304167
Accuracy for tr=../dataset/pfon_matlab.data te=../dataset/pfoff_matlab.data = 0.308333
Accuracy for tr=../dataset/pfon_matlab.data te=../dataset/pfoff_matlab.data = 0.320833
Accuracy for tr=../dataset/pfon_matlab.data te=../dataset/pfoff_matlab.data = 0.312500
Accuracy for tr=../dataset/pfon_matlab.data te=../dataset/pfoff_matlab.data = 0.295833
Accuracy for tr=../dataset/pfon_matlab.data te=../dataset/pfoff_matlab.data = 0.312500
Accuracy for tr=../dataset/pfon_matlab.data te=../dataset/pfoff_matlab.data = 0.283333
Accuracy for tr=../dataset/pfon_matlab.data te=../dataset/pfoff_matlab.data = 0.362500
Accuracy for tr=../dataset/pfon_matlab.data te=../dataset/pfoff_matlab.data = 0.275000
Average accuracy = 0.307708
Accuracy for tr=../dataset/pfoff_matlab.data te=../dataset/pfon_matlab.data = 0.354167
Accuracy for tr=../dataset/pfoff_matlab.data te=../dataset/pfon_matlab.data = 0.365278
Accuracy for tr=../dataset/pfoff_matlab.data te=../dataset/pfon_matlab.data = 0.322222
Accuracy for tr=../dataset/pfoff_matlab.data te=../dataset/pfon_matlab.data = 0.318056
Accuracy for tr=../dataset/pfoff_matlab.data te=../dataset/pfon_matlab.data = 0.365278
Accuracy for tr=../dataset/pfoff_matlab.data te=../dataset/pfon_matlab.data = 0.388889
Accuracy for tr=../dataset/pfoff_matlab.data te=../dataset/pfon_matlab.data = 0.322222
Accuracy for tr=../dataset/pfoff_matlab.data te=../dataset/pfon_matlab.data = 0.337500
Accuracy for tr=../dataset/pfoff_matlab.data te=../dataset/pfon_matlab.data = 0.318056
Accuracy for tr=../dataset/pfoff_matlab.data te=../dataset/pfon_matlab.data = 0.351389
Accuracy for tr=../dataset/pfoff_matlab.data te=../dataset/pfon_matlab.data = 0.365278
Accuracy for tr=../dataset/pfoff_matlab.data te=../dataset/pfon_matlab.data = 0.370833
Accuracy for tr=../dataset/pfoff_matlab.data te=../dataset/pfon_matlab.data = 0.319444
Accuracy for tr=../dataset/pfoff_matlab.data te=../dataset/pfon_matlab.data = 0.312500
Accuracy for tr=../dataset/pfoff_matlab.data te=../dataset/pfon_matlab.data = 0.341667
Accuracy for tr=../dataset/pfoff_matlab.data te=../dataset/pfon_matlab.data = 0.308333
Accuracy for tr=../dataset/pfoff_matlab.data te=../dataset/pfon_matlab.data = 0.348611
Accuracy for tr=../dataset/pfoff_matlab.data te=../dataset/pfon_matlab.data = 0.352778
Accuracy for tr=../dataset/pfoff_matlab.data te=../dataset/pfon_matlab.data = 0.345833
Accuracy for tr=../dataset/pfoff_matlab.data te=../dataset/pfon_matlab.data = 0.359722
Average accuracy = 0.343403
Accuracy for tr=../dataset/pfoff_matlab.data te=../dataset/pfoff_matlab.data = 0.366667
Accuracy for tr=../dataset/pfoff_matlab.data te=../dataset/pfoff_matlab.data = 0.366667
Accuracy for tr=../dataset/pfoff_matlab.data te=../dataset/pfoff_matlab.data = 0.341667
Accuracy for tr=../dataset/pfoff_matlab.data te=../dataset/pfoff_matlab.data = 0.345833
Accuracy for tr=../dataset/pfoff_matlab.data te=../dataset/pfoff_matlab.data = 0.350000
Accuracy for tr=../dataset/pfoff_matlab.data te=../dataset/pfoff_matlab.data = 0.366667
Accuracy for tr=../dataset/pfoff_matlab.data te=../dataset/pfoff_matlab.data = 0.337500
Accuracy for tr=../dataset/pfoff_matlab.data te=../dataset/pfoff_matlab.data = 0.337500
Accuracy for tr=../dataset/pfoff_matlab.data te=../dataset/pfoff_matlab.data = 0.350000
Accuracy for tr=../dataset/pfoff_matlab.data te=../dataset/pfoff_matlab.data = 0.316667
Accuracy for tr=../dataset/pfoff_matlab.data te=../dataset/pfoff_matlab.data = 0.366667
Accuracy for tr=../dataset/pfoff_matlab.data te=../dataset/pfoff_matlab.data = 0.354167
Accuracy for tr=../dataset/pfoff_matlab.data te=../dataset/pfoff_matlab.data = 0.358333
Accuracy for tr=../dataset/pfoff_matlab.data te=../dataset/pfoff_matlab.data = 0.358333
Accuracy for tr=../dataset/pfoff_matlab.data te=../dataset/pfoff_matlab.data = 0.337500
Accuracy for tr=../dataset/pfoff_matlab.data te=../dataset/pfoff_matlab.data = 0.337500
Accuracy for tr=../dataset/pfoff_matlab.data te=../dataset/pfoff_matlab.data = 0.341667
Accuracy for tr=../dataset/pfoff_matlab.data te=../dataset/pfoff_matlab.data = 0.358333
Accuracy for tr=../dataset/pfoff_matlab.data te=../dataset/pfoff_matlab.data = 0.350000
Accuracy for tr=../dataset/pfoff_matlab.data te=../dataset/pfoff_matlab.data = 0.345833
Average accuracy = 0.349375
